<?xml version="1.0" encoding="UTF-8"?>
<!-- Generated by org.testng.reporters.JUnitXMLReporter -->
<testsuite ignored="0" hostname="DESKTOP-RFEGN1C" failures="0" tests="10" name="Surefire test" time="10.337" errors="0" timestamp="2024-04-15T13:42:02 TRT">
  <testcase classname="test.DDTests" name="testCreateUser" time="1.931"/>
  <testcase classname="test.DDTests" name="testCreateUser" time="0.693"/>
  <testcase classname="test.DDTests" name="testCreateUser" time="0.672"/>
  <testcase classname="test.DDTests" name="testDeleteUser" time="0.695"/>
  <testcase classname="test.DDTests" name="testDeleteUser" time="0.674"/>
  <testcase classname="test.DDTests" name="testDeleteUser" time="0.657"/>
  <testcase classname="test.UserTests" name="testCreateUser" time="0.711"/>
  <testcase classname="test.UserTests" name="testReadUser" time="0.664"/>
  <testcase classname="test.UserTests" name="testUpdateUser" time="1.337"/>
  <testcase classname="test.UserTests" name="testDeleteUser" time="0.697"/>
</testsuite> <!-- Surefire test -->
