<?xml version="1.0" encoding="UTF-8"?>
<testng-results ignored="0" total="7" passed="7" failed="0" skipped="0">
  <reporter-output>
  </reporter-output>
  <suite started-at="2024-05-15T12:26:45 TRT" name="Smoke Tests" finished-at="2024-05-15T12:26:51 TRT" duration-ms="5678">
    <groups>
    </groups>
    <test started-at="2024-05-15T12:26:45 TRT" name="C:/Users/User/IdeaProjects/RestAssuredAutomationFrameWork/src/test/java/test" finished-at="2024-05-15T12:26:51 TRT" duration-ms="5678">
      <class name="test.UserTests">
        <test-method is-config="true" signature="setUserPayload()[pri:0, instance:test.UserTests@6e20b53a]" started-at="2024-05-15T12:26:45 TRT" name="setUserPayload" finished-at="2024-05-15T12:26:46 TRT" duration-ms="779" status="PASS">
          <reporter-output>
          </reporter-output>
        </test-method> <!-- setUserPayload -->
        <test-method signature="testCreateUser()[pri:1, instance:test.UserTests@6e20b53a]" started-at="2024-05-15T12:26:46 TRT" name="testCreateUser" finished-at="2024-05-15T12:26:48 TRT" duration-ms="2087" status="PASS">
          <reporter-output>
          </reporter-output>
        </test-method> <!-- testCreateUser -->
        <test-method signature="testReadUser()[pri:2, instance:test.UserTests@6e20b53a]" started-at="2024-05-15T12:26:48 TRT" name="testReadUser" finished-at="2024-05-15T12:26:49 TRT" duration-ms="712" status="PASS">
          <reporter-output>
          </reporter-output>
        </test-method> <!-- testReadUser -->
        <test-method signature="testUpdateUser()[pri:3, instance:test.UserTests@6e20b53a]" started-at="2024-05-15T12:26:49 TRT" name="testUpdateUser" finished-at="2024-05-15T12:26:50 TRT" duration-ms="1394" status="PASS">
          <reporter-output>
          </reporter-output>
        </test-method> <!-- testUpdateUser -->
        <test-method signature="testDeleteUser()[pri:4, instance:test.UserTests@6e20b53a]" started-at="2024-05-15T12:26:50 TRT" name="testDeleteUser" finished-at="2024-05-15T12:26:51 TRT" duration-ms="682" status="PASS">
          <reporter-output>
          </reporter-output>
        </test-method> <!-- testDeleteUser -->
      </class> <!-- test.UserTests -->
    </test> <!-- C:/Users/User/IdeaProjects/RestAssuredAutomationFrameWork/src/test/java/test -->
  </suite> <!-- Smoke Tests -->
  <suite started-at="2024-05-15T12:26:51 TRT" name="Regression Tests" finished-at="2024-05-15T12:26:54 TRT" duration-ms="2825">
    <groups>
    </groups>
    <test started-at="2024-05-15T12:26:51 TRT" name="C:/Users/User/IdeaProjects/RestAssuredAutomationFrameWork/src/test/java/test" finished-at="2024-05-15T12:26:54 TRT" duration-ms="2825">
      <class name="test.UserTestsProperties">
        <test-method is-config="true" signature="setUserPayload()[pri:0, instance:test.UserTestsProperties@35cabb2a]" started-at="2024-05-15T12:26:51 TRT" name="setUserPayload" finished-at="2024-05-15T12:26:51 TRT" duration-ms="25" status="PASS">
          <reporter-output>
          </reporter-output>
        </test-method> <!-- setUserPayload -->
        <test-method signature="testCreateUser()[pri:1, instance:test.UserTestsProperties@35cabb2a]" started-at="2024-05-15T12:26:51 TRT" name="testCreateUser" finished-at="2024-05-15T12:26:52 TRT" duration-ms="710" status="PASS">
          <reporter-output>
          </reporter-output>
        </test-method> <!-- testCreateUser -->
        <test-method signature="testReadUser()[pri:2, instance:test.UserTestsProperties@35cabb2a]" started-at="2024-05-15T12:26:52 TRT" name="testReadUser" finished-at="2024-05-15T12:26:52 TRT" duration-ms="684" status="PASS">
          <reporter-output>
          </reporter-output>
        </test-method> <!-- testReadUser -->
        <test-method signature="testUpdateUser()[pri:3, instance:test.UserTestsProperties@35cabb2a]" started-at="2024-05-15T12:26:52 TRT" name="testUpdateUser" finished-at="2024-05-15T12:26:54 TRT" duration-ms="1403" status="PASS">
          <reporter-output>
          </reporter-output>
        </test-method> <!-- testUpdateUser -->
      </class> <!-- test.UserTestsProperties -->
    </test> <!-- C:/Users/User/IdeaProjects/RestAssuredAutomationFrameWork/src/test/java/test -->
  </suite> <!-- Regression Tests -->
</testng-results>
